<?xml version="1.0" encoding="UTF-8"?>
<!-- Generated by org.testng.reporters.JUnitReportReporter -->
<testsuite hostname="LTIN318920" failures="0" tests="3" name="com.TestClasses.TC01" time="2.813" errors="0" timestamp="2022-08-03T15:09:06 IST" skipped="0">
  <testcase classname="com.TestClasses.TC01" name="AddPlace" time="2.533"/>
  <system-out/>
  <testcase classname="com.TestClasses.TC01" name="UpdatePlace" time="0.132"/>
  <system-out/>
  <testcase classname="com.TestClasses.TC01" name="GetPlace" time="0.148"/>
  <system-out/>
</testsuite> <!-- com.TestClasses.TC01 -->
