<?xml version="1.0" encoding="UTF-8"?>
<!-- Generated by org.testng.reporters.JUnitReportReporter -->
<testsuite hostname="LTIN318920" failures="0" tests="4" name="com.TestClasses.DynamicJson" time="3.987" errors="0" timestamp="2022-08-03T19:36:12 IST" skipped="0">
  <testcase classname="com.TestClasses.DynamicJson" name="addBook" time="3.332"/>
  <system-out/>
  <testcase classname="com.TestClasses.DynamicJson" name="addBook" time="0.244"/>
  <system-out/>
  <testcase classname="com.TestClasses.DynamicJson" name="deleteBook" time="0.204"/>
  <system-out/>
  <testcase classname="com.TestClasses.DynamicJson" name="deleteBook" time="0.207"/>
  <system-out/>
</testsuite> <!-- com.TestClasses.DynamicJson -->
