<?xml version="1.0" encoding="UTF-8"?>
<!-- Generated by org.testng.reporters.JUnitReportReporter -->
<testsuite hostname="LTIN318920" failures="0" tests="1" name="TestClasses.TC01" time="3.849" errors="0" timestamp="2022-08-03T11:20:34 IST" skipped="0">
  <testcase classname="TestClasses.TC01" name="firstMethod" time="3.849"/>
  <system-out/>
</testsuite> <!-- TestClasses.TC01 -->
