<?xml version="1.0" encoding="UTF-8"?>
<!-- Generated by org.testng.reporters.JUnitReportReporter -->
<testsuite hostname="LTIN318920" failures="0" tests="2" name="com.ECom.Class1" time="3.557" errors="0" timestamp="2022-09-22T19:44:43 IST" skipped="0">
  <testcase classname="com.ECom.Class1" name="getToken" time="2.587"/>
  <system-out/>
  <testcase classname="com.ECom.Class1" name="addProduct" time="0.970"/>
  <system-out/>
</testsuite> <!-- com.ECom.Class1 -->
